<?xml version="1.0" encoding="UTF-8"?>
<testsuite name="TravisCI.TravisCiApplicationTests" tests="1" skipped="0" failures="0" errors="0" timestamp="2018-08-12T12:41:24" hostname="Songui-MacBook-Pro.local" time="0.095">
  <properties/>
  <testcase name="contextLoads" classname="TravisCI.TravisCiApplicationTests" time="0.095"/>
  <system-out><![CDATA[21:41:17,741 |-INFO in ch.qos.logback.classic.LoggerContext[default] - Could NOT find resource [logback-test.xml]
21:41:17,742 |-INFO in ch.qos.logback.classic.LoggerContext[default] - Could NOT find resource [logback.groovy]
21:41:17,742 |-INFO in ch.qos.logback.classic.LoggerContext[default] - Found resource [logback.xml] at [file:/Users/Song/song/workspace/TravisCI/build/resources/main/logback.xml]
21:41:17,844 |-INFO in ch.qos.logback.classic.joran.action.ConfigurationAction - debug attribute not set
21:41:17,845 |-INFO in ch.qos.logback.core.joran.action.AppenderAction - About to instantiate appender of type [ch.qos.logback.core.ConsoleAppender]
21:41:17,861 |-INFO in ch.qos.logback.core.joran.action.AppenderAction - Naming appender as [STDOUT]
21:41:17,955 |-WARN in ch.qos.logback.core.ConsoleAppender[STDOUT] - This appender no longer admits a layout as a sub-component, set an encoder instead.
21:41:17,955 |-WARN in ch.qos.logback.core.ConsoleAppender[STDOUT] - To ensure compatibility, wrapping your layout in LayoutWrappingEncoder.
21:41:17,955 |-WARN in ch.qos.logback.core.ConsoleAppender[STDOUT] - See also http://logback.qos.ch/codes.html#layoutInsteadOfEncoder for details
21:41:17,957 |-INFO in ch.qos.logback.classic.joran.action.LoggerAction - Setting level of logger [support.jackson] to DEBUG
21:41:17,957 |-INFO in ch.qos.logback.classic.joran.action.LoggerAction - Setting level of logger [TravisCI] to DEBUG
21:41:17,957 |-INFO in ch.qos.logback.classic.joran.action.RootLoggerAction - Setting level of ROOT logger to INFO
21:41:17,957 |-INFO in ch.qos.logback.core.joran.action.AppenderRefAction - Attaching appender named [STDOUT] to Logger[ROOT]
21:41:17,958 |-INFO in ch.qos.logback.classic.joran.action.ConfigurationAction - End of configuration.
21:41:17,959 |-INFO in ch.qos.logback.classic.joran.JoranConfigurator@54c315af - Registering current configuration as safe fallback point

21:41:18.135 [INFO ] [Test worker] [o.s.b.t.c.SpringBootTestContextBootstrapper] - Neither @ContextConfiguration nor @ContextHierarchy found for test class [TravisCI.TravisCiApplicationTests], using SpringBootContextLoader
21:41:18.148 [INFO ] [Test worker] [o.s.t.c.s.AbstractContextLoader] - Could not detect default resource locations for test class [TravisCI.TravisCiApplicationTests]: no resource found for suffixes {-context.xml, Context.groovy}.
21:41:18.151 [INFO ] [Test worker] [o.s.t.c.s.AnnotationConfigContextLoaderUtils] - Could not detect default configuration classes for test class [TravisCI.TravisCiApplicationTests]: TravisCiApplicationTests does not declare any static, non-private, non-final, nested classes annotated with @Configuration.
21:41:18.362 [INFO ] [Test worker] [o.s.b.t.c.SpringBootTestContextBootstrapper] - Found @SpringBootConfiguration TravisCI.TravisCiApplication for test class TravisCI.TravisCiApplicationTests
21:41:18.601 [INFO ] [Test worker] [o.s.b.t.c.SpringBootTestContextBootstrapper] - Loaded default TestExecutionListener class names from location [META-INF/spring.factories]: [org.springframework.boot.test.autoconfigure.restdocs.RestDocsTestExecutionListener, org.springframework.boot.test.autoconfigure.web.client.MockRestServiceServerResetTestExecutionListener, org.springframework.boot.test.autoconfigure.web.servlet.MockMvcPrintOnlyOnFailureTestExecutionListener, org.springframework.boot.test.autoconfigure.web.servlet.WebDriverTestExecutionListener, org.springframework.boot.test.mock.mockito.MockitoTestExecutionListener, org.springframework.boot.test.mock.mockito.ResetMocksTestExecutionListener, org.springframework.test.context.web.ServletTestExecutionListener, org.springframework.test.context.support.DirtiesContextBeforeModesTestExecutionListener, org.springframework.test.context.support.DependencyInjectionTestExecutionListener, org.springframework.test.context.support.DirtiesContextTestExecutionListener, org.springframework.test.context.transaction.TransactionalTestExecutionListener, org.springframework.test.context.jdbc.SqlScriptsTestExecutionListener]
21:41:18.633 [INFO ] [Test worker] [o.s.b.t.c.SpringBootTestContextBootstrapper] - Using TestExecutionListeners: [org.springframework.test.context.web.ServletTestExecutionListener@68417d36, org.springframework.test.context.support.DirtiesContextBeforeModesTestExecutionListener@2bacec44, org.springframework.boot.test.mock.mockito.MockitoTestExecutionListener@1e605732, org.springframework.boot.test.autoconfigure.SpringBootDependencyInjectionTestExecutionListener@5e8499b6, org.springframework.test.context.support.DirtiesContextTestExecutionListener@3dcfe79d, org.springframework.test.context.transaction.TransactionalTestExecutionListener@714de2ac, org.springframework.test.context.jdbc.SqlScriptsTestExecutionListener@6d88f270, org.springframework.boot.test.autoconfigure.restdocs.RestDocsTestExecutionListener@173b9f5e, org.springframework.boot.test.autoconfigure.web.client.MockRestServiceServerResetTestExecutionListener@558a712b, org.springframework.boot.test.autoconfigure.web.servlet.MockMvcPrintOnlyOnFailureTestExecutionListener@4bccb1b4, org.springframework.boot.test.autoconfigure.web.servlet.WebDriverTestExecutionListener@61fdc1cf, org.springframework.boot.test.mock.mockito.ResetMocksTestExecutionListener@2a7773c1]

  .   ____          _            __ _ _
 /\\ / ___'_ __ _ _(_)_ __  __ _ \ \ \ \
( ( )\___ | '_ | '_| | '_ \/ _` | \ \ \ \
 \\/  ___)| |_)| | | | | || (_| |  ) ) ) )
  '  |____| .__|_| |_|_| |_\__, | / / / /
 =========|_|==============|___/=/_/_/_/
 :: Spring Boot ::        (v2.0.4.RELEASE)

21:41:19.375 [INFO ] [Test worker] [TravisCI.TravisCiApplicationTests] - Starting TravisCiApplicationTests on Songui-MacBook-Pro.local with PID 7699 (started by root in /Users/Song/song/workspace/TravisCI)
21:41:19.376 [DEBUG] [Test worker] [TravisCI.TravisCiApplicationTests] - Running with Spring Boot v2.0.4.RELEASE, Spring v5.0.8.RELEASE
21:41:19.379 [INFO ] [Test worker] [TravisCI.TravisCiApplicationTests] - No active profile set, falling back to default profiles: default
21:41:19.429 [INFO ] [Test worker] [o.s.w.c.s.GenericWebApplicationContext] - Refreshing org.springframework.web.context.support.GenericWebApplicationContext@26a374d5: startup date [Sun Aug 12 21:41:19 KST 2018]; root of context hierarchy
21:41:21.088 [INFO ] [Test worker] [o.s.c.s.PostProcessorRegistrationDelegate$BeanPostProcessorChecker] - Bean 'org.springframework.transaction.annotation.ProxyTransactionManagementConfiguration' of type [org.springframework.transaction.annotation.ProxyTransactionManagementConfiguration$$EnhancerBySpringCGLIB$$41804845] is not eligible for getting processed by all BeanPostProcessors (for example: not eligible for auto-proxying)
21:41:21.144 [INFO ] [Test worker] [o.s.c.s.PostProcessorRegistrationDelegate$BeanPostProcessorChecker] - Bean 'pl.allegro.tech.boot.autoconfigure.handlebars.HandlebarsHelpersAutoConfiguration' of type [pl.allegro.tech.boot.autoconfigure.handlebars.HandlebarsHelpersAutoConfiguration$$EnhancerBySpringCGLIB$$c049681f] is not eligible for getting processed by all BeanPostProcessors (for example: not eligible for auto-proxying)
21:41:21.176 [INFO ] [Test worker] [o.s.c.s.PostProcessorRegistrationDelegate$BeanPostProcessorChecker] - Bean 'org.springframework.boot.context.properties.ConversionServiceDeducer$Factory' of type [org.springframework.boot.context.properties.ConversionServiceDeducer$Factory] is not eligible for getting processed by all BeanPostProcessors (for example: not eligible for auto-proxying)
21:41:21.181 [INFO ] [Test worker] [o.s.c.s.PostProcessorRegistrationDelegate$BeanPostProcessorChecker] - Bean 'handlebars.resolver-pl.allegro.tech.boot.autoconfigure.handlebars.HandlebarsValueResolversProperties' of type [pl.allegro.tech.boot.autoconfigure.handlebars.HandlebarsValueResolversProperties] is not eligible for getting processed by all BeanPostProcessors (for example: not eligible for auto-proxying)
21:41:21.204 [INFO ] [Test worker] [o.s.c.s.PostProcessorRegistrationDelegate$BeanPostProcessorChecker] - Bean 'handlebars-pl.allegro.tech.boot.autoconfigure.handlebars.HandlebarsProperties' of type [pl.allegro.tech.boot.autoconfigure.handlebars.HandlebarsProperties] is not eligible for getting processed by all BeanPostProcessors (for example: not eligible for auto-proxying)
21:41:21.208 [INFO ] [Test worker] [o.s.c.s.PostProcessorRegistrationDelegate$BeanPostProcessorChecker] - Bean 'pl.allegro.tech.boot.autoconfigure.handlebars.HandlebarsAutoConfiguration$HandlebarsViewResolverConfiguration' of type [pl.allegro.tech.boot.autoconfigure.handlebars.HandlebarsAutoConfiguration$HandlebarsViewResolverConfiguration$$EnhancerBySpringCGLIB$$d33092bd] is not eligible for getting processed by all BeanPostProcessors (for example: not eligible for auto-proxying)
21:41:21.335 [INFO ] [Test worker] [o.s.c.s.PostProcessorRegistrationDelegate$BeanPostProcessorChecker] - Bean 'handlebarsViewResolver' of type [com.github.jknack.handlebars.springmvc.HandlebarsViewResolver] is not eligible for getting processed by all BeanPostProcessors (for example: not eligible for auto-proxying)
21:41:21.581 [INFO ] [Test worker] [com.zaxxer.hikari.HikariDataSource] - HikariPool-1 - Starting...
21:41:21.899 [INFO ] [Test worker] [com.zaxxer.hikari.HikariDataSource] - HikariPool-1 - Start completed.
21:41:21.966 [INFO ] [Test worker] [o.s.o.j.LocalContainerEntityManagerFactoryBean] - Building JPA container EntityManagerFactory for persistence unit 'default'
21:41:21.987 [INFO ] [Test worker] [o.h.jpa.internal.util.LogHelper] - HHH000204: Processing PersistenceUnitInfo [
	name: default
	...]
21:41:22.099 [INFO ] [Test worker] [org.hibernate.Version] - HHH000412: Hibernate Core {5.2.17.Final}
21:41:22.101 [INFO ] [Test worker] [org.hibernate.cfg.Environment] - HHH000206: hibernate.properties not found
21:41:22.148 [INFO ] [Test worker] [o.h.annotations.common.Version] - HCANN000001: Hibernate Commons Annotations {5.0.1.Final}
21:41:22.320 [INFO ] [Test worker] [org.hibernate.dialect.Dialect] - HHH000400: Using dialect: org.hibernate.dialect.H2Dialect
21:41:22.614 [INFO ] [Test worker] [o.h.t.s.internal.SchemaCreatorImpl] - HHH000476: Executing import script 'org.hibernate.tool.schema.internal.exec.ScriptSourceInputNonExistentImpl@31adaed7'
21:41:22.618 [INFO ] [Test worker] [o.s.o.j.LocalContainerEntityManagerFactoryBean] - Initialized JPA EntityManagerFactory for persistence unit 'default'
21:41:23.153 [INFO ] [Test worker] [o.s.w.s.h.SimpleUrlHandlerMapping] - Mapped URL path [/**/favicon.ico] onto handler of type [class org.springframework.web.servlet.resource.ResourceHttpRequestHandler]
21:41:23.630 [INFO ] [Test worker] [o.s.w.s.m.m.a.RequestMappingHandlerAdapter] - Looking for @ControllerAdvice: org.springframework.web.context.support.GenericWebApplicationContext@26a374d5: startup date [Sun Aug 12 21:41:19 KST 2018]; root of context hierarchy
21:41:23.685 [WARN ] [Test worker] [o.s.b.a.o.j.JpaBaseConfiguration$JpaWebConfiguration$JpaWebMvcConfiguration] - spring.jpa.open-in-view is enabled by default. Therefore, database queries may be performed during view rendering. Explicitly configure spring.jpa.open-in-view to disable this warning
21:41:23.751 [INFO ] [Test worker] [o.s.w.s.m.m.a.RequestMappingHandlerMapping] - Mapped "{[/],methods=[GET]}" onto public java.lang.String TravisCI.controller.HomeController.home()
21:41:23.757 [INFO ] [Test worker] [o.s.w.s.m.m.a.RequestMappingHandlerMapping] - Mapped "{[/error]}" onto public org.springframework.http.ResponseEntity<java.util.Map<java.lang.String, java.lang.Object>> org.springframework.boot.autoconfigure.web.servlet.error.BasicErrorController.error(javax.servlet.http.HttpServletRequest)
21:41:23.758 [INFO ] [Test worker] [o.s.w.s.m.m.a.RequestMappingHandlerMapping] - Mapped "{[/error],produces=[text/html]}" onto public org.springframework.web.servlet.ModelAndView org.springframework.boot.autoconfigure.web.servlet.error.BasicErrorController.errorHtml(javax.servlet.http.HttpServletRequest,javax.servlet.http.HttpServletResponse)
21:41:23.793 [INFO ] [Test worker] [o.s.w.s.h.SimpleUrlHandlerMapping] - Mapped URL path [/webjars/**] onto handler of type [class org.springframework.web.servlet.resource.ResourceHttpRequestHandler]
21:41:23.793 [INFO ] [Test worker] [o.s.w.s.h.SimpleUrlHandlerMapping] - Mapped URL path [/**] onto handler of type [class org.springframework.web.servlet.resource.ResourceHttpRequestHandler]
21:41:23.856 [INFO ] [Test worker] [o.s.b.a.w.s.WelcomePageHandlerMapping] - Adding welcome page: class path resource [static/index.html]
21:41:24.285 [INFO ] [Test worker] [TravisCI.TravisCiApplicationTests] - Started TravisCiApplicationTests in 5.591 seconds (JVM running for 7.325)
]]></system-out>
  <system-err><![CDATA[]]></system-err>
</testsuite>
